<?xml version="1.0" encoding="UTF-8"?>
<testsuites name="jest tests" tests="1" failures="0" errors="0" time="5.275">
  <testsuite name="src\App.test.js" errors="0" failures="0" skipped="0" timestamp="2024-11-21T16:03:40" time="2.694" tests="1">
    <testcase classname="-renders learn Jenkins link" name="-renders learn Jenkins link" time="0.038">
    </testcase>
  </testsuite>
</testsuites>